<?xml version="1.0" encoding="UTF-8"?>
<!-- Generated by org.testng.reporters.JUnitReportReporter -->
<testsuite skipped="0" hostname="Mouneesh-PC" name="org.testleaf.qa.testcases.MergeLeadTestCases" tests="1" failures="0" timestamp="2019-11-10T23:14:38 IST" time="33.499" errors="0">
  <testcase name="runMergeLeadTestCases" time="33.499" classname="org.testleaf.qa.testcases.MergeLeadTestCases"/>
</testsuite> <!-- org.testleaf.qa.testcases.MergeLeadTestCases -->
