<?xml version="1.0" encoding="UTF-8"?>
<!-- Generated by org.testng.reporters.JUnitReportReporter -->
<testsuite skipped="0" hostname="Mouneesh-PC" name="org.testleaf.qa.testcases.DeleteLeadTestCases" tests="1" failures="0" timestamp="2019-11-10T23:14:38 IST" time="37.602" errors="0">
  <testcase name="runDeleteLeadTestCases" time="37.602" classname="org.testleaf.qa.testcases.DeleteLeadTestCases"/>
</testsuite> <!-- org.testleaf.qa.testcases.DeleteLeadTestCases -->
