<?xml version="1.0" encoding="UTF-8"?>
<!-- Generated by org.testng.reporters.JUnitReportReporter -->
<testsuite skipped="0" hostname="Mouneesh-PC" name="org.testleaf.qa.testcases.EditLeadTestCases" tests="2" failures="0" timestamp="2019-11-10T23:14:38 IST" time="50.973" errors="0">
  <testcase name="runEditLeadTestCases" time="23.860" classname="org.testleaf.qa.testcases.EditLeadTestCases"/>
  <testcase name="runEditLeadTestCases" time="27.113" classname="org.testleaf.qa.testcases.EditLeadTestCases"/>
</testsuite> <!-- org.testleaf.qa.testcases.EditLeadTestCases -->
